<?xml version="1.0" encoding="UTF-8"?>
<!-- Generated by org.testng.reporters.JUnitXMLReporter -->
<testsuite ignored="2" hostname="DESKTOP-6SQHPST" failures="0" tests="0" time="0.013" errors="0" timestamp="2025-03-10T19:14:36 IST">
  <testcase classname="TestFramework.Tests.PlaceOrdderTest" name="SubmitOrd" time="0.0">
    <ignored/>
  </testcase> <!-- SubmitOrd -->
  <testcase classname="TestFramework.Tests.PlaceOrdderTest" name="orderVerification" time="0.0">
    <ignored/>
  </testcase> <!-- orderVerification -->
</testsuite>
